<?xml version='1.0' encoding='UTF-8'?>
<testsuite hostname="leonardo-VivoBook-ASUSLaptop-X512JP-F512JP" name="devices.StandardDeviceTest" tests="7" errors="0" failures="0" skipped="0" time="0.441" timestamp="2025-08-15T16:39:19">
          <properties>
[...]
</properties>
          <testcase classname="devices.StandardDeviceTest" name="testNonNullStrategy()" time="0.024">
                      
                    </testcase><testcase classname="devices.StandardDeviceTest" name="$ShowcaseMocks#testAttemptOn()" time="0.399">
                      
                    </testcase><testcase classname="devices.StandardDeviceTest" name="$ShowcaseSpies#testReset()" time="0.008">
                      
                    </testcase><testcase classname="devices.StandardDeviceTest" name="$ShowcaseFakes#testSwitchesOnAndOff()" time="0.004">
                      
                    </testcase><testcase classname="devices.StandardDeviceTest" name="$ShowcaseStubs#testWontSwitchOn()" time="0.004">
                      
                    </testcase><testcase classname="devices.StandardDeviceTest" name="$ShowcaseStubs#testCanBeSwitchedOn()" time="0.001">
                      
                    </testcase><testcase classname="devices.StandardDeviceTest" name="$ShowcaseDummies#testInitiallyOff()" time="0.001">
                      
                    </testcase>
          <system-out><![CDATA[]]></system-out>
          <system-err><![CDATA[]]></system-err>
        </testsuite>