[2025-08-18 14:09:56] stdout:
[2025-08-18 14:09:56]  Model llama3 is unable to generate correct nix code in 3 attempts. 
 Select another model or improve the provided prompt. 
[2025-08-18 14:09:56] stderr:
[2025-08-18 14:09:56] warning: Git tree '/home/randa/AutoDev/src/test/space/acceptance_testing' is dirty
error: syntax error, unexpected end of file, expecting INHERIT
       at /home/randa/AutoDev/src/test/space/acceptance_testing/flake.nix:16:3:
           15| };
           16| };
             |   ^
[2025-08-18 14:13:14] stdout:
[2025-08-18 14:13:14]  Model llama3 is unable to generate correct nix code in 3 attempts. 
 Select another model or improve the provided prompt. 
[2025-08-18 14:13:14] stderr:
[2025-08-18 14:13:14] warning: Git tree '/home/randa/AutoDev/src/test/space/acceptance_testing' is dirty
error: undefined variable 'dev'
       at /home/randa/AutoDev/src/test/space/acceptance_testing/flake.nix:2:15:
            1| {
            2|   outputs = [ dev ];
             |               ^
            3|   inputs = [ ./. ];
[2025-08-18 14:16:48] stdout:
[2025-08-18 14:16:48]  Model llama3 is unable to generate correct nix code in 3 attempts. 
 Select another model or improve the provided prompt. 
[2025-08-18 14:16:48] stderr:
[2025-08-18 14:16:48] warning: Git tree '/home/randa/AutoDev/src/test/space/acceptance_testing' is dirty
error: undefined variable 'javaPackages'
       at /home/randa/AutoDev/src/test/space/acceptance_testing/flake.nix:12:7:
           11|       sbt
           12|       javaPackages.jdk
             |       ^
           13|     ];
[2025-08-18 14:21:39] stdout:
[2025-08-18 14:21:39]  Model llama3 is unable to generate correct nix code in 3 attempts. 
 Select another model or improve the provided prompt. 
[2025-08-18 14:21:39] stderr:
[2025-08-18 14:21:39] warning: Git tree '/home/randa/AutoDev/src/test/space/acceptance_testing' is dirty
error: expected a set but got a thunk at /home/randa/AutoDev/src/test/space/acceptance_testing/flake.nix:3:14
[2025-08-18 14:26:27] stdout:
[2025-08-18 14:26:27]  Model llama3 is unable to generate correct nix code in 3 attempts. 
 Select another model or improve the provided prompt. 
[2025-08-18 14:26:27] stderr:
[2025-08-18 14:26:27] warning: Git tree '/home/randa/AutoDev/src/test/space/acceptance_testing' is dirty
error: syntax error, unexpected invalid token, expecting ')'
       at /home/randa/AutoDev/src/test/space/acceptance_testing/flake.nix:11:8:
           10|   }
           11|   (args$ @ { }) -> import ./flake.lock.nix {
             |        ^
           12|     # The project root.
[2025-08-18 14:31:53] stdout:
[2025-08-18 14:31:53]  Model llama3 is unable to generate correct nix code in 3 attempts. 
 Select another model or improve the provided prompt. 
[2025-08-18 14:31:53] stderr:
[2025-08-18 14:31:53] warning: Git tree '/home/randa/AutoDev/src/test/space/advanced_programming' is dirty
error: expected a set but got a thunk at /home/randa/AutoDev/src/test/space/advanced_programming/flake.nix:4:5
[2025-08-18 14:37:16] stdout:
[2025-08-18 14:37:16]  Model llama3 is unable to generate correct nix code in 3 attempts. 
 Select another model or improve the provided prompt. 
[2025-08-18 14:37:16] stderr:
[2025-08-18 14:37:16] warning: Git tree '/home/randa/AutoDev/src/test/space/advanced_programming' is dirty
error:
       â€¦ while evaluating the file '/home/randa/AutoDev/src/test/space/advanced_programming/flake.nix':

       error: file '/home/randa/AutoDev/src/test/space/advanced_programming/flake.nix' must be an attribute set
[2025-08-18 14:42:06] stdout:
[2025-08-18 14:42:06]  Model llama3 is unable to generate correct nix code in 3 attempts. 
 Select another model or improve the provided prompt. 
[2025-08-18 14:42:06] stderr:
[2025-08-18 14:42:06] warning: Git tree '/home/randa/AutoDev/src/test/space/advanced_programming' is dirty
error: syntax error, unexpected ')'
       at /home/randa/AutoDev/src/test/space/advanced_programming/flake.nix:8:40:
            7|     in pkgs.mkshell {
            8|       packages = [ scala scala.compile );
             |                                        ^
            9|     };
[2025-08-18 14:46:59] stdout:
[2025-08-18 14:46:59]  Model llama3 is unable to generate correct nix code in 3 attempts. 
 Select another model or improve the provided prompt. 
[2025-08-18 14:46:59] stderr:
[2025-08-18 14:46:59] warning: Git tree '/home/randa/AutoDev/src/test/space/advanced_programming' is dirty
error: syntax error, unexpected end of file, expecting INHERIT
       at /home/randa/AutoDev/src/test/space/advanced_programming/flake.nix:17:5:
           16|     dev = pkgs.vim;
           17|   };
             |     ^
[2025-08-18 14:51:59] stdout:
[2025-08-18 14:51:59]  Model llama3 is unable to generate correct nix code in 3 attempts. 
 Select another model or improve the provided prompt. 
[2025-08-18 14:51:59] stderr:
[2025-08-18 14:51:59] warning: Git tree '/home/randa/AutoDev/src/test/space/advanced_programming' is dirty
error: syntax error, unexpected end of file, expecting INHERIT
       at /home/randa/AutoDev/src/test/space/advanced_programming/flake.nix:11:3:
           10|   };
           11| };
             |   ^
[2025-08-18 14:55:08] stdout:
[2025-08-18 14:55:08]  Model llama3 is unable to generate correct nix code in 3 attempts. 
 Select another model or improve the provided prompt. 
[2025-08-18 14:55:08] stderr:
[2025-08-18 14:55:08] warning: Git tree '/home/randa/AutoDev/src/test/space/basic' is dirty
error: syntax error, unexpected invalid token, expecting '}' or ','
       at /home/randa/AutoDev/src/test/space/basic/flake.nix:11:36:
           10|
           11|   outputs = { self, nixpkgs, julia â†’
             |                                    ^
           12|     let
[2025-08-18 14:58:26] stdout:
[2025-08-18 14:58:26]  Model llama3 is unable to generate correct nix code in 3 attempts. 
 Select another model or improve the provided prompt. 
[2025-08-18 14:58:26] stderr:
[2025-08-18 14:58:26] warning: Git tree '/home/randa/AutoDev/src/test/space/basic' is dirty
error: expected a set but got a function at /home/randa/AutoDev/src/test/space/basic/flake.nix:3:3
[2025-08-18 15:01:27] stdout:
[2025-08-18 15:01:27]  Model llama3 is unable to generate correct nix code in 3 attempts. 
 Select another model or improve the provided prompt. 
[2025-08-18 15:01:27] stderr:
[2025-08-18 15:01:27] warning: Git tree '/home/randa/AutoDev/src/test/space/basic' is dirty
error: syntax error, unexpected ':', expecting '.' or '='
       at /home/randa/AutoDev/src/test/space/basic/flake.nix:10:19:
            9|
           10|   outputs = { self: rec {
             |                   ^
           11|     overlay = final: prev: {
[2025-08-18 15:04:06] stdout:
[2025-08-18 15:04:06]  Model llama3 is unable to generate correct nix code in 3 attempts. 
 Select another model or improve the provided prompt. 
[2025-08-18 15:04:06] stderr:
[2025-08-18 15:04:06] warning: Git tree '/home/randa/AutoDev/src/test/space/basic' is dirty
error: syntax error, unexpected ')'
       at /home/randa/AutoDev/src/test/space/basic/flake.nix:14:29:
           13|   in
           14|     self.datasets.toPlacebo() + { devShells = devShells; }
             |                             ^
[2025-08-18 15:07:46] stdout:
[2025-08-18 15:07:46]  Model llama3 is unable to generate correct nix code in 3 attempts. 
 Select another model or improve the provided prompt. 
[2025-08-18 15:07:46] stderr:
[2025-08-18 15:07:46] warning: Git tree '/home/randa/AutoDev/src/test/space/basic' is dirty
error: syntax error, unexpected '=', expecting ';'
       at /home/randa/AutoDev/src/test/space/basic/flake.nix:26:7:
           25| }
           26| flake = self;
             |       ^
[2025-08-18 15:12:52] stdout:
[2025-08-18 15:12:52]  Model llama3 is unable to generate correct nix code in 3 attempts. 
 Select another model or improve the provided prompt. 
[2025-08-18 15:12:52] stderr:
[2025-08-18 15:12:52] warning: Git tree '/home/randa/AutoDev/src/test/space/integration_testing' is dirty
error: syntax error, unexpected end of file, expecting ';'
       at /home/randa/AutoDev/src/test/space/integration_testing/flake.nix:19:22:
           18|
           19| { devShell = shell; }
             |                      ^
[2025-08-18 15:17:10] stdout:
[2025-08-18 15:17:10]  Model llama3 is unable to generate correct nix code in 3 attempts. 
 Select another model or improve the provided prompt. 
[2025-08-18 15:17:10] stderr:
[2025-08-18 15:17:10] warning: Git tree '/home/randa/AutoDev/src/test/space/integration_testing' is dirty
error: undefined variable 'self'
       at /home/randa/AutoDev/src/test/space/integration_testing/flake.nix:4:15:
            3|
            4|   outputs = [ self ];
             |               ^
            5|   inputs.nixpkgs = builtins.fetchTarball https://nixos.org/nix/nix-3.22.tar.gz;
[2025-08-18 15:21:10] stdout:
[2025-08-18 15:21:10]  Model llama3 is unable to generate correct nix code in 3 attempts. 
 Select another model or improve the provided prompt. 
[2025-08-18 15:21:10] stderr:
[2025-08-18 15:21:10] warning: Git tree '/home/randa/AutoDev/src/test/space/integration_testing' is dirty
error: expected a set but got a function at /home/randa/AutoDev/src/test/space/integration_testing/flake.nix:3:3
[2025-08-18 15:26:37] stdout:
[2025-08-18 15:26:37]  Model llama3 is unable to generate correct nix code in 3 attempts. 
 Select another model or improve the provided prompt. 
[2025-08-18 15:26:37] stderr:
[2025-08-18 15:26:37] warning: Git tree '/home/randa/AutoDev/src/test/space/integration_testing' is dirty
error: syntax error, unexpected IMPL, expecting '}' or ','
       at /home/randa/AutoDev/src/test/space/integration_testing/flake.nix:8:41:
            7|   };
            8|   outputs = { self, nixpkgs, scala, sbt ->
             |                                         ^
            9|     let
[2025-08-18 15:31:10] stdout:
[2025-08-18 15:31:10]  Model llama3 is unable to generate correct nix code in 3 attempts. 
 Select another model or improve the provided prompt. 
[2025-08-18 15:31:10] stderr:
[2025-08-18 15:31:10] warning: Git tree '/home/randa/AutoDev/src/test/space/integration_testing' is dirty
error: syntax error, unexpected '/', expecting ID or OR_KW or DOLLAR_CURLY or '"'
       at /home/randa/AutoDev/src/test/space/integration_testing/flake.nix:3:39:
            2|   inputs = { };
            3|   outputs = [ ( nixpkgs. CallPackage ./ . ) ];
             |                                       ^
            4|
[2025-08-18 15:38:40] stdout:
[2025-08-18 15:38:40]  Model llama3 is unable to generate correct nix code in 3 attempts. 
 Select another model or improve the provided prompt. 
[2025-08-18 15:38:40] stderr:
[2025-08-18 15:38:40] warning: Git tree '/home/randa/AutoDev/src/test/space/llm_advanced' is dirty
error: syntax error, unexpected end of file, expecting INHERIT
       at /home/randa/AutoDev/src/test/space/llm_advanced/flake.nix:24:5:
           23|     };
           24|   };
             |     ^
[2025-08-18 15:45:44] stdout:
[2025-08-18 15:45:44]  Model llama3 is unable to generate correct nix code in 3 attempts. 
 Select another model or improve the provided prompt. 
[2025-08-18 15:45:44] stderr:
[2025-08-18 15:45:44] warning: Git tree '/home/randa/AutoDev/src/test/space/llm_advanced' is dirty
error: syntax error, unexpected '.'
       at /home/randa/AutoDev/src/test/space/llm_advanced/flake.nix:11:13:
           10|   buildCommand = ''
           11|     cp -r ${./} .
             |             ^
           12|     ${buildSbt}/bin/sbt
[2025-08-18 15:52:07] stdout:
[2025-08-18 15:52:07]  Model llama3 is unable to generate correct nix code in 3 attempts. 
 Select another model or improve the provided prompt. 
[2025-08-18 15:52:07] stderr:
[2025-08-18 15:52:07] warning: Git tree '/home/randa/AutoDev/src/test/space/llm_advanced' is dirty
error: undefined variable 'lib'
       at /home/randa/AutoDev/src/test/space/llm_advanced/flake.nix:5:14:
            4|     unibo-it-llm-advanced = {
            5|       type = lib.systems.unibo-it-llm-advanced;
             |              ^
            6|       path = ./.;
[2025-08-18 15:59:15] stdout:
[2025-08-18 15:59:15]  Model llama3 is unable to generate correct nix code in 3 attempts. 
 Select another model or improve the provided prompt. 
[2025-08-18 15:59:15] stderr:
[2025-08-18 15:59:15] warning: Git tree '/home/randa/AutoDev/src/test/space/llm_advanced' is dirty
error: syntax error, unexpected '.'
       at /home/randa/AutoDev/src/test/space/llm_advanced/flake.nix:22:13:
           21|
           22|       src = .;
             |             ^
           23|
[2025-08-18 16:06:17] stdout:
[2025-08-18 16:06:17]  Model llama3 is unable to generate correct nix code in 3 attempts. 
 Select another model or improve the provided prompt. 
[2025-08-18 16:06:17] stderr:
[2025-08-18 16:06:17] warning: Git tree '/home/randa/AutoDev/src/test/space/llm_advanced' is dirty
error: syntax error, unexpected ':', expecting '.' or '='
       at /home/randa/AutoDev/src/test/space/llm_advanced/flake.nix:8:9:
            7|   outputs = {
            8|     self:
             |         ^
            9|       let
[2025-08-18 16:12:33] stdout:
[2025-08-18 16:12:33]  Model llama3 is unable to generate correct nix code in 3 attempts. 
 Select another model or improve the provided prompt. 
[2025-08-18 16:12:33] stderr:
[2025-08-18 16:12:33] warning: Git tree '/home/randa/AutoDev/src/test/space/llm_intro' is dirty
error: syntax error, unexpected ':', expecting '}' or ','
       at /home/randa/AutoDev/src/test/space/llm_intro/flake.nix:7:29:
            6|
            7|   outputs = { self, nixpkgs :
             |                             ^
            8|     let
[2025-08-18 16:18:08] stdout:
[2025-08-18 16:18:08]  Model llama3 is unable to generate correct nix code in 3 attempts. 
 Select another model or improve the provided prompt. 
[2025-08-18 16:18:08] stderr:
[2025-08-18 16:18:08] warning: Git tree '/home/randa/AutoDev/src/test/space/llm_intro' is dirty
error: syntax error, unexpected IN_KW, expecting ';'
       at /home/randa/AutoDev/src/test/space/llm_intro/flake.nix:6:1:
            5|
            6| in
             | ^
            7| llmIntro.drv
[2025-08-18 16:23:33] stdout:
[2025-08-18 16:23:33]  Model llama3 is unable to generate correct nix code in 3 attempts. 
 Select another model or improve the provided prompt. 
[2025-08-18 16:23:33] stderr:
[2025-08-18 16:23:33] warning: Git tree '/home/randa/AutoDev/src/test/space/llm_intro' is dirty
error: syntax error, unexpected end of file, expecting INHERIT
       at /home/randa/AutoDev/src/test/space/llm_intro/flake.nix:25:7:
           24|       nixpkgs = builtins.fetchTarball "https://nixos.org/nix/nix-2.13.tar.gz";
           25|     };
             |       ^
[2025-08-18 16:28:53] stdout:
[2025-08-18 16:28:53]  Model llama3 is unable to generate correct nix code in 3 attempts. 
 Select another model or improve the provided prompt. 
[2025-08-18 16:28:53] stderr:
[2025-08-18 16:28:53] warning: Git tree '/home/randa/AutoDev/src/test/space/llm_intro' is dirty
error: syntax error, unexpected ')', expecting ':' or '@'
       at /home/randa/AutoDev/src/test/space/llm_intro/flake.nix:6:37:
            5|     pkgs:
            6|       pkgs.mkshell ({ mkDerivation }) ->
             |                                     ^
            7|         let
[2025-08-18 16:34:02] stdout:
[2025-08-18 16:34:02]  Model llama3 is unable to generate correct nix code in 3 attempts. 
 Select another model or improve the provided prompt. 
[2025-08-18 16:34:02] stderr:
[2025-08-18 16:34:02] warning: Git tree '/home/randa/AutoDev/src/test/space/llm_intro' is dirty
error:
       â€¦ while calling the 'import' builtin
         at /nix/store/ib0gwml9k6w2pn7ff5997y005dngdd6z-source/flake.nix:8:14:
            7|     let
            8|       pkgs = import ./pkgs.nix;
             |              ^
            9|     in rec {

       error: path '/nix/store/ib0gwml9k6w2pn7ff5997y005dngdd6z-source/pkgs.nix' does not exist
[2025-08-18 16:40:56] stdout:
[2025-08-18 16:40:56]  Model llama3 is unable to generate correct nix code in 3 attempts. 
 Select another model or improve the provided prompt. 
[2025-08-18 16:40:56] stderr:
[2025-08-18 16:40:56] warning: Git tree '/home/randa/AutoDev/src/test/space/models' is dirty
error: syntax error, unexpected ':', expecting '.' or '='
       at /home/randa/AutoDev/src/test/space/models/flake.nix:14:23:
           13|   {
           14|     devShells = { pkgs: rec {
             |                       ^
           15|       default = pkgs.vim;
[2025-08-18 16:48:01] stdout:
[2025-08-18 16:48:01]  Model llama3 is unable to generate correct nix code in 3 attempts. 
 Select another model or improve the provided prompt. 
[2025-08-18 16:48:01] stderr:
[2025-08-18 16:48:01] warning: Git tree '/home/randa/AutoDev/src/test/space/models' is dirty
error: syntax error, unexpected ':', expecting '}' or ','
       at /home/randa/AutoDev/src/test/space/models/flake.nix:11:29:
           10|   };
           11|   outputs = { self, nixpkgs : let
             |                             ^
           12|       pkgs = nixpkgs.legacyPackages.nixpkgs;
[2025-08-18 16:55:51] stdout:
[2025-08-18 16:55:51]  Model llama3 is unable to generate correct nix code in 3 attempts. 
 Select another model or improve the provided prompt. 
[2025-08-18 16:55:51] stderr:
[2025-08-18 16:55:51] warning: Git tree '/home/randa/AutoDev/src/test/space/models' is dirty
error: syntax error, unexpected invalid token, expecting '}'
       at /home/randa/AutoDev/src/test/space/models/flake.nix:13:58:
           12|         shellHook = ''
           13|           alias develop="sbt 'project in file:${toString $PWD}/'"
             |                                                          ^
           14|         '';
[2025-08-18 17:03:28] stdout:
[2025-08-18 17:03:28]  Model llama3 is unable to generate correct nix code in 3 attempts. 
 Select another model or improve the provided prompt. 
[2025-08-18 17:03:28] stderr:
[2025-08-18 17:03:28] warning: Git tree '/home/randa/AutoDev/src/test/space/models' is dirty
error: path has a trailing slash
       at /home/randa/AutoDev/src/test/space/models/flake.nix:11:26:
           10|       buildInputs = [
           11|         (import ./models/{nixpkgs,pkgs}/default.nix)
             |                          ^
           12|       ];
[2025-08-18 17:09:55] stdout:
[2025-08-18 17:09:55]  Model llama3 is unable to generate correct nix code in 3 attempts. 
 Select another model or improve the provided prompt. 
[2025-08-18 17:09:55] stderr:
[2025-08-18 17:09:55] warning: Git tree '/home/randa/AutoDev/src/test/space/models' is dirty
error: syntax error, unexpected ';', expecting ':' or '@'
       at /home/randa/AutoDev/src/test/space/models/flake.nix:4:4:
            3|     self, nixpkgs ? import <nixpkgs> {}
            4|   };
             |    ^
            5|
[2025-08-18 17:14:35] stdout:
[2025-08-18 17:14:35]  Model llama3 is unable to generate correct nix code in 3 attempts. 
 Select another model or improve the provided prompt. 
[2025-08-18 17:14:35] stderr:
[2025-08-18 17:14:35] warning: Git tree '/home/randa/AutoDev/src/test/space/scafi' is dirty
error: syntax error, unexpected '=', expecting ';'
       at /home/randa/AutoDev/src/test/space/scafi/flake.nix:29:36:
           28|
           29|   self.defaultPackage.x86_64-linux = scafiEnv;
             |                                    ^
[2025-08-18 17:19:45] stdout:
[2025-08-18 17:19:45]  Model llama3 is unable to generate correct nix code in 3 attempts. 
 Select another model or improve the provided prompt. 
[2025-08-18 17:19:45] stderr:
[2025-08-18 17:19:45] warning: Git tree '/home/randa/AutoDev/src/test/space/scafi' is dirty
error: expected a set but got a thunk at /home/randa/AutoDev/src/test/space/scafi/flake.nix:4:5
[2025-08-18 17:24:24] stdout:
[2025-08-18 17:24:24]  Model llama3 is unable to generate correct nix code in 3 attempts. 
 Select another model or improve the provided prompt. 
[2025-08-18 17:24:24] stderr:
[2025-08-18 17:24:24] warning: Git tree '/home/randa/AutoDev/src/test/space/scafi' is dirty
error: undefined variable 'stdenv'
       at /home/randa/AutoDev/src/test/space/scafi/flake.nix:8:1:
            7|
            8| stdenv.mkderivation({
             | ^
            9|   name = "scafi";
[2025-08-18 17:30:10] stdout:
[2025-08-18 17:30:10]  Model llama3 is unable to generate correct nix code in 3 attempts. 
 Select another model or improve the provided prompt. 
[2025-08-18 17:30:10] stderr:
[2025-08-18 17:30:10] warning: Git tree '/home/randa/AutoDev/src/test/space/scafi' is dirty
error: syntax error, unexpected ':', expecting '}' or ','
       at /home/randa/AutoDev/src/test/space/scafi/flake.nix:13:36:
           12|   };
           13|   outputs = { self, nixpkgs, scala :
             |                                    ^
           14|     let
[2025-08-18 17:34:35] stdout:
[2025-08-18 17:34:35]  Model llama3 is unable to generate correct nix code in 3 attempts. 
 Select another model or improve the provided prompt. 
[2025-08-18 17:34:35] stderr:
[2025-08-18 17:34:35] warning: Git tree '/home/randa/AutoDev/src/test/space/scafi' is dirty
error: syntax error, unexpected ',', expecting ';'
       at /home/randa/AutoDev/src/test/space/scafi/flake.nix:8:3:
            7|   }
            8|   , outputs = [ pkgs ];
             |   ^
            9|
[2025-08-18 18:34:39] stdout:
[2025-08-18 18:34:39] 
[1;31mGive Feedback / Get Help: https://github.com/BerriAI/litellm/issues/new[0m
LiteLLM.Info: If you need to debug this error, use `litellm._turn_on_debug()'.

[2025-08-18 18:34:39] stderr:
[2025-08-18 18:34:39] Traceback (most recent call last):
  File "/home/randa/AutoDev/src/.venv/lib/python3.11/site-packages/httpx/_transports/default.py", line 101, in map_httpcore_exceptions
    yield
  File "/home/randa/AutoDev/src/.venv/lib/python3.11/site-packages/httpx/_transports/default.py", line 250, in handle_request
    resp = self._pool.handle_request(req)
           ^^^^^^^^^^^^^^^^^^^^^^^^^^^^^^
  File "/home/randa/AutoDev/src/.venv/lib/python3.11/site-packages/httpcore/_sync/connection_pool.py", line 256, in handle_request
    raise exc from None
  File "/home/randa/AutoDev/src/.venv/lib/python3.11/site-packages/httpcore/_sync/connection_pool.py", line 236, in handle_request
    response = connection.handle_request(
               ^^^^^^^^^^^^^^^^^^^^^^^^^^
  File "/home/randa/AutoDev/src/.venv/lib/python3.11/site-packages/httpcore/_sync/connection.py", line 103, in handle_request
    return self._connection.handle_request(request)
           ^^^^^^^^^^^^^^^^^^^^^^^^^^^^^^^^^^^^^^^^
  File "/home/randa/AutoDev/src/.venv/lib/python3.11/site-packages/httpcore/_sync/http11.py", line 136, in handle_request
    raise exc
  File "/home/randa/AutoDev/src/.venv/lib/python3.11/site-packages/httpcore/_sync/http11.py", line 106, in handle_request
    ) = self._receive_response_headers(**kwargs)
        ^^^^^^^^^^^^^^^^^^^^^^^^^^^^^^^^^^^^^^^^
  File "/home/randa/AutoDev/src/.venv/lib/python3.11/site-packages/httpcore/_sync/http11.py", line 177, in _receive_response_headers
    event = self._receive_event(timeout=timeout)
            ^^^^^^^^^^^^^^^^^^^^^^^^^^^^^^^^^^^^
  File "/home/randa/AutoDev/src/.venv/lib/python3.11/site-packages/httpcore/_sync/http11.py", line 217, in _receive_event
    data = self._network_stream.read(
           ^^^^^^^^^^^^^^^^^^^^^^^^^^
  File "/home/randa/AutoDev/src/.venv/lib/python3.11/site-packages/httpcore/_backends/sync.py", line 126, in read
    with map_exceptions(exc_map):
  File "/home/randa/.local/share/uv/python/cpython-3.11.13-linux-x86_64-gnu/lib/python3.11/contextlib.py", line 158, in __exit__
    self.gen.throw(typ, value, traceback)
  File "/home/randa/AutoDev/src/.venv/lib/python3.11/site-packages/httpcore/_exceptions.py", line 14, in map_exceptions
    raise to_exc(exc) from exc
httpcore.ReadTimeout: timed out

The above exception was the direct cause of the following exception:

Traceback (most recent call last):
  File "/home/randa/AutoDev/src/.venv/lib/python3.11/site-packages/litellm/llms/custom_httpx/http_handler.py", line 761, in post
    response = self.client.send(req, stream=stream)
               ^^^^^^^^^^^^^^^^^^^^^^^^^^^^^^^^^^^^
  File "/home/randa/AutoDev/src/.venv/lib/python3.11/site-packages/httpx/_client.py", line 914, in send
    response = self._send_handling_auth(
               ^^^^^^^^^^^^^^^^^^^^^^^^^
  File "/home/randa/AutoDev/src/.venv/lib/python3.11/site-packages/httpx/_client.py", line 942, in _send_handling_auth
    response = self._send_handling_redirects(
               ^^^^^^^^^^^^^^^^^^^^^^^^^^^^^^
  File "/home/randa/AutoDev/src/.venv/lib/python3.11/site-packages/httpx/_client.py", line 979, in _send_handling_redirects
    response = self._send_single_request(request)
               ^^^^^^^^^^^^^^^^^^^^^^^^^^^^^^^^^^
  File "/home/randa/AutoDev/src/.venv/lib/python3.11/site-packages/httpx/_client.py", line 1014, in _send_single_request
    response = transport.handle_request(request)
               ^^^^^^^^^^^^^^^^^^^^^^^^^^^^^^^^^
  File "/home/randa/AutoDev/src/.venv/lib/python3.11/site-packages/httpx/_transports/default.py", line 249, in handle_request
    with map_httpcore_exceptions():
  File "/home/randa/.local/share/uv/python/cpython-3.11.13-linux-x86_64-gnu/lib/python3.11/contextlib.py", line 158, in __exit__
    self.gen.throw(typ, value, traceback)
  File "/home/randa/AutoDev/src/.venv/lib/python3.11/site-packages/httpx/_transports/default.py", line 118, in map_httpcore_exceptions
    raise mapped_exc(message) from exc
httpx.ReadTimeout: timed out

During handling of the above exception, another exception occurred:

Traceback (most recent call last):
  File "/home/randa/AutoDev/src/.venv/lib/python3.11/site-packages/litellm/llms/custom_httpx/llm_http_handler.py", line 171, in _make_common_sync_call
    response = sync_httpx_client.post(
               ^^^^^^^^^^^^^^^^^^^^^^^
  File "/home/randa/AutoDev/src/.venv/lib/python3.11/site-packages/litellm/llms/custom_httpx/http_handler.py", line 765, in post
    raise litellm.Timeout(
litellm.exceptions.Timeout: litellm.Timeout: Connection timed out after 3600.0 seconds.

During handling of the above exception, another exception occurred:

Traceback (most recent call last):
  File "/home/randa/AutoDev/src/.venv/lib/python3.11/site-packages/litellm/main.py", line 3086, in completion
    response = base_llm_http_handler.completion(
               ^^^^^^^^^^^^^^^^^^^^^^^^^^^^^^^^^
  File "/home/randa/AutoDev/src/.venv/lib/python3.11/site-packages/litellm/llms/custom_httpx/llm_http_handler.py", line 467, in completion
    response = self._make_common_sync_call(
               ^^^^^^^^^^^^^^^^^^^^^^^^^^^^
  File "/home/randa/AutoDev/src/.venv/lib/python3.11/site-packages/litellm/llms/custom_httpx/llm_http_handler.py", line 198, in _make_common_sync_call
    raise self._handle_error(e=e, provider_config=provider_config)
          ^^^^^^^^^^^^^^^^^^^^^^^^^^^^^^^^^^^^^^^^^^^^^^^^^^^^^^^^
  File "/home/randa/AutoDev/src/.venv/lib/python3.11/site-packages/litellm/llms/custom_httpx/llm_http_handler.py", line 2405, in _handle_error
    raise provider_config.get_error_class(
litellm.llms.ollama.common_utils.OllamaError: litellm.Timeout: Connection timed out after 3600.0 seconds.

During handling of the above exception, another exception occurred:

Traceback (most recent call last):
  File "/home/randa/AutoDev/src/test/../../src/main/main.py", line 9, in <module>
    main()
  File "/home/randa/AutoDev/src/test/../../src/main/main.py", line 6, in main
    interface.main(sys.argv[1:])
  File "/home/randa/AutoDev/src/main/interface.py", line 39, in main
    dispatch(parsed_args)
  File "/home/randa/AutoDev/src/main/dispatcher.py", line 31, in dispatch
    generate_config(project_path, model_name, prompt_path)
  File "/home/randa/AutoDev/src/main/handlers.py", line 12, in generate_config
    add_config(model, project_path, prompt_path)
  File "/home/randa/AutoDev/src/main/services/configuration.py", line 15, in add_config
    contents = generate_config(model, project_path, prompt_path)
               ^^^^^^^^^^^^^^^^^^^^^^^^^^^^^^^^^^^^^^^^^^^^^^^^^
  File "/home/randa/AutoDev/src/main/services/generator.py", line 6, in generate_config
    response = model.ask(prompt)
               ^^^^^^^^^^^^^^^^^
  File "/home/randa/AutoDev/src/main/llm/model.py", line 152, in ask
    response = completion(
               ^^^^^^^^^^^
  File "/home/randa/AutoDev/src/.venv/lib/python3.11/site-packages/litellm/utils.py", line 1307, in wrapper
    raise e
  File "/home/randa/AutoDev/src/.venv/lib/python3.11/site-packages/litellm/utils.py", line 1182, in wrapper
    result = original_function(*args, **kwargs)
             ^^^^^^^^^^^^^^^^^^^^^^^^^^^^^^^^^^
  File "/home/randa/AutoDev/src/.venv/lib/python3.11/site-packages/litellm/main.py", line 3430, in completion
    raise exception_type(
          ^^^^^^^^^^^^^^^
  File "/home/randa/AutoDev/src/.venv/lib/python3.11/site-packages/litellm/litellm_core_utils/exception_mapping_utils.py", line 2301, in exception_type
    raise e
  File "/home/randa/AutoDev/src/.venv/lib/python3.11/site-packages/litellm/litellm_core_utils/exception_mapping_utils.py", line 2270, in exception_type
    raise APIConnectionError(
litellm.exceptions.APIConnectionError: litellm.APIConnectionError: OllamaException - litellm.Timeout: Connection timed out after 3600.0 seconds.
path '/home/randa/AutoDev/src/test/space/acceptance_testing' does not contain a 'flake.nix', searching up
error: path '/home/randa/AutoDev/src/test/space/acceptance_testing' is not part of a flake (neither it nor its parent directories contain a 'flake.nix' file)
[2025-08-18 19:30:13] stdout:
[2025-08-18 19:30:13]  Model qwen3 is unable to generate correct nix code in 3 attempts. 
 Select another model or improve the provided prompt. 
[2025-08-18 19:30:13] stderr:
[2025-08-18 19:30:13] warning: Git tree '/home/randa/AutoDev/src/test/space/acceptance_testing' is dirty
error: flake 'git+file:///home/randa/AutoDev/src/test/space/acceptance_testing' has an unsupported attribute 'nixpkgs', at /home/randa/AutoDev/src/test/space/acceptance_testing/flake.nix:34:3
[2025-08-18 19:53:42] stdout:
[2025-08-18 19:53:42]  Model qwen3 is unable to generate correct nix code in 3 attempts. 
 Select another model or improve the provided prompt. 
[2025-08-18 19:53:42] stderr:
[2025-08-18 19:53:42] warning: Git tree '/home/randa/AutoDev/src/test/space/acceptance_testing' is dirty
error: syntax error, unexpected '{', expecting ID
       at /home/randa/AutoDev/src/test/space/acceptance_testing/flake.nix:11:40:
           10|
           11|   outputs = { self, nixpkgs, scala } @ {
             |                                        ^
           12|     devShell = nixpkgs.legacyPackages.x86_64-linux.scala.override {
[2025-08-18 20:21:35] stdout:
[2025-08-18 20:21:35]  Model qwen3 is unable to generate correct nix code in 3 attempts. 
 Select another model or improve the provided prompt. 
[2025-08-18 20:21:35] stderr:
[2025-08-18 20:21:35] warning: Git tree '/home/randa/AutoDev/src/test/space/acceptance_testing' is dirty
error: syntax error, unexpected '{', expecting ID
       at /home/randa/AutoDev/src/test/space/acceptance_testing/flake.nix:27:59:
           26|   };
           27|   outputs = { self, scala, sbt, java, junit, cucumber } @ {
             |                                                           ^
           28|     devShell = {
[2025-08-18 21:32:48] stdout:
[2025-08-18 21:32:48]  Model qwen3 is unable to generate correct nix code in 3 attempts. 
 Select another model or improve the provided prompt. 
[2025-08-18 21:32:48] stderr:
[2025-08-18 21:32:48] warning: Git tree '/home/randa/AutoDev/src/test/space/acceptance_testing' is dirty
error: undefined variable 'pkgs'
       at /home/randa/AutoDev/src/test/space/acceptance_testing/flake.nix:8:31:
            7|   };
            8|   outputs = { self, nixpkgs ? pkgs }:
             |                               ^
            9|     let
[2025-08-18 22:08:54] stdout:
[2025-08-18 22:08:54]  Model qwen3 is unable to generate correct nix code in 3 attempts. 
 Select another model or improve the provided prompt. 
[2025-08-18 22:08:54] stderr:
[2025-08-18 22:08:54] warning: Git tree '/home/randa/AutoDev/src/test/space/advanced_programming' is dirty
error: syntax error, unexpected ':', expecting '}' or ','
       at /home/randa/AutoDev/src/test/space/advanced_programming/flake.nix:5:30:
            4|   outputs = {
            5|     self, nixpkgs, scala, sbt: {
             |                              ^
            6|       devShell = {
